<?xml version="1.0" encoding="UTF-8"?>
<!-- Generated by org.testng.reporters.JUnitReportReporter -->
<testsuite hostname="jbr-PC" name="de.haw.md.simple.test.SimpleTest" tests="1" failures="0" timestamp="30 Jun 2016 13:37:55 GMT" time="0.216" errors="0">
  <testcase name="resourcesAllTest" time="0.216" classname="de.haw.md.simple.test.SimpleTest"/>
</testsuite> <!-- de.haw.md.simple.test.SimpleTest -->
