<?xml version="1.0" encoding="UTF-8"?>
<!-- Generated by org.testng.reporters.JUnitReportReporter -->
<testsuite hostname="jbr-PC" name="de.haw.md.simple.test.SimpleTest" tests="1" failures="0" timestamp="10 Aug 2016 12:20:49 GMT" time="0.015" errors="0">
  <testcase name="reflectionTest" time="0.015" classname="de.haw.md.simple.test.SimpleTest"/>
</testsuite> <!-- de.haw.md.simple.test.SimpleTest -->
