<?xml version="1.0" encoding="UTF-8"?>
<!-- Generated by org.testng.reporters.JUnitReportReporter -->
<testsuite hostname="jbr-PC" name="de.haw.md.akka.cluster.test.PublishSubscribeTest" tests="1" failures="0" timestamp="13 Jul 2016 13:49:01 GMT" time="120.808" errors="0">
  <testcase name="pubSubBigTest" time="120.808" classname="de.haw.md.akka.cluster.test.PublishSubscribeTest"/>
</testsuite> <!-- de.haw.md.akka.cluster.test.PublishSubscribeTest -->
