<?xml version="1.0" encoding="UTF-8"?>
<!-- Generated by org.testng.reporters.JUnitReportReporter -->
<testsuite hostname="jbr-PC" name="processcontrol.core.akka.cluster.test.PublishSubscribeTest" tests="1" failures="0" timestamp="29 Jun 2016 12:57:53 GMT" time="10.790" errors="0">
  <testcase name="pubSubTest" time="10.790" classname="processcontrol.core.akka.cluster.test.PublishSubscribeTest"/>
</testsuite> <!-- processcontrol.core.akka.cluster.test.PublishSubscribeTest -->
