<?xml version="1.0" encoding="UTF-8"?>
<!-- Generated by org.testng.reporters.JUnitReportReporter -->
<testsuite hostname="jbr-PC" name="de.haw.md.simple.test.SimpleTest" tests="1" failures="0" timestamp="8 Jul 2016 11:34:10 GMT" time="0.010" errors="0">
  <testcase name="compareToTest" time="0.010" classname="de.haw.md.simple.test.SimpleTest"/>
</testsuite> <!-- de.haw.md.simple.test.SimpleTest -->
